{"name": "test01_basic_flow_create_account", "status": "broken", "statusDetails": {"message": "selenium.common.exceptions.TimeoutException: Message: \nStacktrace:\nNoSuchElementError: An element could not be located on the page using the given search parameters.\n    at XCUITestDriver.doNativeFind (/Users/57block/.appium/node_modules/appium-xcuitest-driver/lib/commands/find.js:143:13)\n    at processTicksAndRejections (node:internal/process/task_queues:95:5)\n    at XCUITestDriver.findNativeElementOrElements (/Users/57block/.appium/node_modules/appium-xcuitest-driver/lib/commands/find.js:97:12)\n    at XCUITestDriver.findElOrEls (/Users/57block/.appium/node_modules/appium-xcuitest-driver/lib/commands/find.js:24:14)\n    at XCUITestDriver.findElOrElsWithProcessing (/Users/57block/.appium/node_modules/@appium/base-driver/lib/basedriver/commands/find.ts:60:12)\n    at XCUITestDriver.findElement (/Users/57block/.appium/node_modules/@appium/base-driver/lib/basedriver/commands/find.ts:75:12)", "trace": "self = <test_create_account.TestAccountCreation testMethod=test01_basic_flow_create_account>\n\n    @allure.story(\"Basic create flow\")\n    def test01_basic_flow_create_account(self) -> None:\n        new_account = get_new_account()\n        do.assert_element(login,'start from login page')\n        do.tap_join()\n        sleep(3)\n        do.input_email(new_account)\n        do.input_password(new_account.password)\n        do.tap_complete()\n        do.input_username(new_account.username)\n        sleep(5)\n        do.tap_continue()\n        # do.tap_enter_access_code()\n        # sleep(3)\n        # do.input_code(new_account.access_code)\n        # do.tap_submit()\n        do.tap_logos(new_account.logo_select)\n        do.tap_continue()\n        do.tap_follow(new_account.follow_count)\n        do.tap_continue()\n        try:\n            get_element(self.driver, notification,3)\n            do.set_notification_later()\n        except Exception:\n            print('already set notification')\n        sleep(3)\n        do.select_level(new_account.level_index)\n>       do.tap_continue()\n\ntestcase/account_creation/test_create_account.py:51: \n_ _ _ _ _ _ _ _ _ _ _ _ _ _ _ _ _ _ _ _ _ _ _ _ _ _ _ _ _ _ _ _ _ _ _ _ _ _ _ _ \nutils/user_actions.py:96: in tap_continue\n    get_element(self.driver, join_continue).click()\nutils/find_element.py:12: in get_element\n    raise e\nutils/find_element.py:6: in get_element\n    element = WebDriverWait(driver, wait_time).until(\n_ _ _ _ _ _ _ _ _ _ _ _ _ _ _ _ _ _ _ _ _ _ _ _ _ _ _ _ _ _ _ _ _ _ _ _ _ _ _ _ \n\nself = <selenium.webdriver.support.wait.WebDriverWait (session=\"feec59e4-373d-40bc-a64f-b9592519b2e4\")>\nmethod = <function get_element.<locals>.<lambda> at 0x1028451f0>, message = ''\n\n    def until(self, method, message: str = \"\"):\n        \"\"\"Calls the method provided with the driver as an argument until the \\\n        return value does not evaluate to ``False``.\n    \n        :param method: callable(WebDriver)\n        :param message: optional message for :exc:`TimeoutException`\n        :returns: the result of the last call to `method`\n        :raises: :exc:`selenium.common.exceptions.TimeoutException` if timeout occurs\n        \"\"\"\n        screen = None\n        stacktrace = None\n    \n        end_time = time.monotonic() + self._timeout\n        while True:\n            try:\n                value = method(self._driver)\n                if value:\n                    return value\n            except self._ignored_exceptions as exc:\n                screen = getattr(exc, \"screen\", None)\n                stacktrace = getattr(exc, \"stacktrace\", None)\n            time.sleep(self._poll)\n            if time.monotonic() > end_time:\n                break\n>       raise TimeoutException(message, screen, stacktrace)\nE       selenium.common.exceptions.TimeoutException: Message: \nE       Stacktrace:\nE       NoSuchElementError: An element could not be located on the page using the given search parameters.\nE           at XCUITestDriver.doNativeFind (/Users/57block/.appium/node_modules/appium-xcuitest-driver/lib/commands/find.js:143:13)\nE           at processTicksAndRejections (node:internal/process/task_queues:95:5)\nE           at XCUITestDriver.findNativeElementOrElements (/Users/57block/.appium/node_modules/appium-xcuitest-driver/lib/commands/find.js:97:12)\nE           at XCUITestDriver.findElOrEls (/Users/57block/.appium/node_modules/appium-xcuitest-driver/lib/commands/find.js:24:14)\nE           at XCUITestDriver.findElOrElsWithProcessing (/Users/57block/.appium/node_modules/@appium/base-driver/lib/basedriver/commands/find.ts:60:12)\nE           at XCUITestDriver.findElement (/Users/57block/.appium/node_modules/@appium/base-driver/lib/basedriver/commands/find.ts:75:12)\n\nvenv/lib/python3.9/site-packages/selenium/webdriver/support/wait.py:95: TimeoutException"}, "attachments": [{"name": "stdout", "source": "c60e1cac-c9c8-4b2a-b9d2-68577c907a08-attachment.txt", "type": "text/plain"}], "start": 1690430267164, "stop": 1690430338599, "uuid": "60835522-1f8e-4c01-94bd-e9c49bf0ba73", "historyId": "a0999e1bbffdac6851251bd4035ba9bf", "testCaseId": "a0999e1bbffdac6851251bd4035ba9bf", "fullName": "testcase.account_creation.test_create_account.TestAccountCreation#test01_basic_flow_create_account", "labels": [{"name": "feature", "value": "Account Creation"}, {"name": "story", "value": "Basic create flow"}, {"name": "severity", "value": "critical"}, {"name": "parentSuite", "value": "testcase.account_creation"}, {"name": "suite", "value": "test_create_account"}, {"name": "subSuite", "value": "TestAccountCreation"}, {"name": "host", "value": "Joys-MacBook-Pro.local"}, {"name": "thread", "value": "3928-MainThread"}, {"name": "framework", "value": "pytest"}, {"name": "language", "value": "cpython3"}, {"name": "package", "value": "testcase.account_creation.test_create_account"}]}