{"uid":"a5196441977b8b7e","name":"test2_close_search","fullName":"testcase.home_page.test_search.TestHomeSearch#test2_close_search","historyId":"4c96f9e272428ab865c1fd2bf608d105","time":{"start":1690963897250,"stop":1690963919020,"duration":21770},"status":"broken","statusMessage":"selenium.common.exceptions.TimeoutException: Message: \nStacktrace:\nNoSuchElementError: An element could not be located on the page using the given search parameters.\n    at XCUITestDriver.doNativeFind (/Users/57block/.appium/node_modules/appium-xcuitest-driver/lib/commands/find.js:143:13)\n    at processTicksAndRejections (node:internal/process/task_queues:95:5)\n    at XCUITestDriver.findNativeElementOrElements (/Users/57block/.appium/node_modules/appium-xcuitest-driver/lib/commands/find.js:97:12)\n    at XCUITestDriver.findElOrEls (/Users/57block/.appium/node_modules/appium-xcuitest-driver/lib/commands/find.js:24:14)\n    at XCUITestDriver.findElOrElsWithProcessing (/Users/57block/.appium/node_modules/@appium/base-driver/lib/basedriver/commands/find.ts:60:12)\n    at XCUITestDriver.findElement (/Users/57block/.appium/node_modules/@appium/base-driver/lib/basedriver/commands/find.ts:75:12)","statusTrace":"self = <test_search.TestHomeSearch testMethod=test2_close_search>\n\n    def setUp(self) -> None:\n        self.driver = get_driver()\n        global do\n        do = Actions(self.driver)\n>       do.login_flow(test_account)\n\ntestcase/home_page/test_search.py:17: \n_ _ _ _ _ _ _ _ _ _ _ _ _ _ _ _ _ _ _ _ _ _ _ _ _ _ _ _ _ _ _ _ _ _ _ _ _ _ _ _ \nutils/user_actions.py:725: in login_flow\n    self.input_password(account.password)\nutils/user_actions.py:50: in input_password\n    get_element(self.driver, password).clear().send_keys(password_type)\nutils/find_element.py:12: in get_element\n    raise e\nutils/find_element.py:6: in get_element\n    element = WebDriverWait(driver, wait_time).until(\n_ _ _ _ _ _ _ _ _ _ _ _ _ _ _ _ _ _ _ _ _ _ _ _ _ _ _ _ _ _ _ _ _ _ _ _ _ _ _ _ \n\nself = <selenium.webdriver.support.wait.WebDriverWait (session=\"949a71fe-8f1a-4802-887c-eda5a19878e4\")>\nmethod = <function get_element.<locals>.<lambda> at 0x10639e8b0>, message = ''\n\n    def until(self, method, message: str = \"\"):\n        \"\"\"Calls the method provided with the driver as an argument until the \\\n        return value does not evaluate to ``False``.\n    \n        :param method: callable(WebDriver)\n        :param message: optional message for :exc:`TimeoutException`\n        :returns: the result of the last call to `method`\n        :raises: :exc:`selenium.common.exceptions.TimeoutException` if timeout occurs\n        \"\"\"\n        screen = None\n        stacktrace = None\n    \n        end_time = time.monotonic() + self._timeout\n        while True:\n            try:\n                value = method(self._driver)\n                if value:\n                    return value\n            except self._ignored_exceptions as exc:\n                screen = getattr(exc, \"screen\", None)\n                stacktrace = getattr(exc, \"stacktrace\", None)\n            time.sleep(self._poll)\n            if time.monotonic() > end_time:\n                break\n>       raise TimeoutException(message, screen, stacktrace)\nE       selenium.common.exceptions.TimeoutException: Message: \nE       Stacktrace:\nE       NoSuchElementError: An element could not be located on the page using the given search parameters.\nE           at XCUITestDriver.doNativeFind (/Users/57block/.appium/node_modules/appium-xcuitest-driver/lib/commands/find.js:143:13)\nE           at processTicksAndRejections (node:internal/process/task_queues:95:5)\nE           at XCUITestDriver.findNativeElementOrElements (/Users/57block/.appium/node_modules/appium-xcuitest-driver/lib/commands/find.js:97:12)\nE           at XCUITestDriver.findElOrEls (/Users/57block/.appium/node_modules/appium-xcuitest-driver/lib/commands/find.js:24:14)\nE           at XCUITestDriver.findElOrElsWithProcessing (/Users/57block/.appium/node_modules/@appium/base-driver/lib/basedriver/commands/find.ts:60:12)\nE           at XCUITestDriver.findElement (/Users/57block/.appium/node_modules/@appium/base-driver/lib/basedriver/commands/find.ts:75:12)\n\nvenv/lib/python3.9/site-packages/selenium/webdriver/support/wait.py:95: TimeoutException","flaky":false,"newFailed":false,"newBroken":false,"newPassed":false,"retriesCount":0,"retriesStatusChange":false,"beforeStages":[{"name":"_verify_url","time":{"start":1690963849664,"stop":1690963849664,"duration":0},"status":"passed","steps":[],"attachments":[],"parameters":[],"shouldDisplayMessage":false,"stepsCount":0,"attachmentsCount":0,"hasContent":false},{"name":"pytestconfig","time":{"start":1690963849664,"stop":1690963849665,"duration":1},"status":"passed","steps":[],"attachments":[],"parameters":[],"shouldDisplayMessage":false,"stepsCount":0,"attachmentsCount":0,"hasContent":false},{"name":"base_url","time":{"start":1690963849664,"stop":1690963849664,"duration":0},"status":"passed","steps":[],"attachments":[],"parameters":[],"shouldDisplayMessage":false,"stepsCount":0,"attachmentsCount":0,"hasContent":false},{"name":"_unittest_setUpClass_fixture_TestHomeSearch","time":{"start":1690963849665,"stop":1690963849665,"duration":0},"status":"passed","steps":[],"attachments":[],"parameters":[],"shouldDisplayMessage":false,"stepsCount":0,"attachmentsCount":0,"hasContent":false},{"name":"delete_output_dir","time":{"start":1690963849665,"stop":1690963849665,"duration":0},"status":"passed","steps":[],"attachments":[],"parameters":[],"shouldDisplayMessage":false,"stepsCount":0,"attachmentsCount":0,"hasContent":false}],"afterStages":[{"name":"_unittest_setUpClass_fixture_TestHomeSearch::0","time":{"start":1690963947835,"stop":1690963947835,"duration":0},"status":"passed","steps":[],"attachments":[],"parameters":[],"shouldDisplayMessage":false,"stepsCount":0,"attachmentsCount":0,"hasContent":false}],"labels":[{"name":"feature","value":"Home search"},{"name":"severity","value":"critical"},{"name":"story","value":"exit search page"},{"name":"parentSuite","value":"testcase.home_page"},{"name":"suite","value":"test_search"},{"name":"subSuite","value":"TestHomeSearch"},{"name":"host","value":"Joys-MacBook-Pro.local"},{"name":"thread","value":"28553-MainThread"},{"name":"framework","value":"pytest"},{"name":"language","value":"cpython3"},{"name":"package","value":"testcase.home_page.test_search"},{"name":"resultFormat","value":"allure2"}],"parameters":[],"links":[],"hidden":true,"retry":true,"extra":{"categories":[],"tags":[]},"source":"a5196441977b8b7e.json","parameterValues":[]}