{"uid":"ac587839b1aecd97","name":"test1_contact_us","fullName":"testcase.settings.test_contact_us.TestPurchases#test1_contact_us","historyId":"d31904cee68c6100aa2debfbf4497c58","time":{"start":1689820480850,"stop":1689820502647,"duration":21797},"status":"broken","statusMessage":"selenium.common.exceptions.TimeoutException: Message: \nStacktrace:\nNoSuchElementError: An element could not be located on the page using the given search parameters.\n    at XCUITestDriver.doNativeFind (/Users/57block/.appium/node_modules/appium-xcuitest-driver/lib/commands/find.js:143:13)\n    at processTicksAndRejections (node:internal/process/task_queues:95:5)\n    at XCUITestDriver.findNativeElementOrElements (/Users/57block/.appium/node_modules/appium-xcuitest-driver/lib/commands/find.js:97:12)\n    at XCUITestDriver.findElOrEls (/Users/57block/.appium/node_modules/appium-xcuitest-driver/lib/commands/find.js:24:14)\n    at XCUITestDriver.findElOrElsWithProcessing (/Users/57block/.appium/node_modules/@appium/base-driver/lib/basedriver/commands/find.ts:60:12)\n    at XCUITestDriver.findElement (/Users/57block/.appium/node_modules/@appium/base-driver/lib/basedriver/commands/find.ts:75:12)","statusTrace":"self = <testcase.settings.test_contact_us.TestPurchases testMethod=test1_contact_us>\n\n    @allure.story(\"contact us\")\n    def test1_contact_us(self):\n>       do.tap_contact_us()\n\ntestcase/settings/test_contact_us.py:21: \n_ _ _ _ _ _ _ _ _ _ _ _ _ _ _ _ _ _ _ _ _ _ _ _ _ _ _ _ _ _ _ _ _ _ _ _ _ _ _ _ \nutils/user_actions.py:320: in tap_contact_us\n    get_element(self.driver, contact_us).click()\nutils/find_element.py:12: in get_element\n    raise e\nutils/find_element.py:6: in get_element\n    element = WebDriverWait(driver, wait_time).until(\n_ _ _ _ _ _ _ _ _ _ _ _ _ _ _ _ _ _ _ _ _ _ _ _ _ _ _ _ _ _ _ _ _ _ _ _ _ _ _ _ \n\nself = <selenium.webdriver.support.wait.WebDriverWait (session=\"9e9eed35-e115-499a-8aa3-09a31de5f064\")>\nmethod = <function get_element.<locals>.<lambda> at 0x10f7cbca0>, message = ''\n\n    def until(self, method, message: str = \"\"):\n        \"\"\"Calls the method provided with the driver as an argument until the \\\n        return value does not evaluate to ``False``.\n    \n        :param method: callable(WebDriver)\n        :param message: optional message for :exc:`TimeoutException`\n        :returns: the result of the last call to `method`\n        :raises: :exc:`selenium.common.exceptions.TimeoutException` if timeout occurs\n        \"\"\"\n        screen = None\n        stacktrace = None\n    \n        end_time = time.monotonic() + self._timeout\n        while True:\n            try:\n                value = method(self._driver)\n                if value:\n                    return value\n            except self._ignored_exceptions as exc:\n                screen = getattr(exc, \"screen\", None)\n                stacktrace = getattr(exc, \"stacktrace\", None)\n            time.sleep(self._poll)\n            if time.monotonic() > end_time:\n                break\n>       raise TimeoutException(message, screen, stacktrace)\nE       selenium.common.exceptions.TimeoutException: Message: \nE       Stacktrace:\nE       NoSuchElementError: An element could not be located on the page using the given search parameters.\nE           at XCUITestDriver.doNativeFind (/Users/57block/.appium/node_modules/appium-xcuitest-driver/lib/commands/find.js:143:13)\nE           at processTicksAndRejections (node:internal/process/task_queues:95:5)\nE           at XCUITestDriver.findNativeElementOrElements (/Users/57block/.appium/node_modules/appium-xcuitest-driver/lib/commands/find.js:97:12)\nE           at XCUITestDriver.findElOrEls (/Users/57block/.appium/node_modules/appium-xcuitest-driver/lib/commands/find.js:24:14)\nE           at XCUITestDriver.findElOrElsWithProcessing (/Users/57block/.appium/node_modules/@appium/base-driver/lib/basedriver/commands/find.ts:60:12)\nE           at XCUITestDriver.findElement (/Users/57block/.appium/node_modules/@appium/base-driver/lib/basedriver/commands/find.ts:75:12)\n\nvenv/lib/python3.9/site-packages/selenium/webdriver/support/wait.py:95: TimeoutException","flaky":false,"newFailed":false,"newBroken":false,"newPassed":false,"retriesCount":0,"retriesStatusChange":false,"beforeStages":[{"name":"_unittest_setUpClass_fixture_TestPurchases","time":{"start":1689820459164,"stop":1689820459165,"duration":1},"status":"passed","steps":[],"attachments":[],"parameters":[],"shouldDisplayMessage":false,"stepsCount":0,"attachmentsCount":0,"hasContent":false}],"afterStages":[{"name":"_unittest_setUpClass_fixture_TestPurchases::0","time":{"start":1689820521450,"stop":1689820521450,"duration":0},"status":"passed","steps":[],"attachments":[],"parameters":[],"shouldDisplayMessage":false,"stepsCount":0,"attachmentsCount":0,"hasContent":false}],"labels":[{"name":"story","value":"contact us"},{"name":"feature","value":"Contact us"},{"name":"parentSuite","value":"testcase.settings"},{"name":"suite","value":"test_contact_us"},{"name":"subSuite","value":"TestPurchases"},{"name":"host","value":"Joys-MacBook-Pro.local"},{"name":"thread","value":"8623-MainThread"},{"name":"framework","value":"pytest"},{"name":"language","value":"cpython3"},{"name":"package","value":"testcase.settings.test_contact_us"},{"name":"resultFormat","value":"allure2"}],"parameters":[],"links":[],"hidden":true,"retry":true,"extra":{"categories":[],"tags":[]},"source":"ac587839b1aecd97.json","parameterValues":[]}