{"uid":"5790392905c7928f","name":"test1_add_address","fullName":"testcase.wallet_addresses.test_shipping_address.TestShippingAddress#test1_add_address","historyId":"66cd8f73e8e38009a96dd070bdaa000b","time":{"start":1691401732178,"stop":1691401798265,"duration":66087},"status":"failed","statusMessage":"AssertionError: assert 1 == (1 + 1)\n +  where 1 = len(['J test, 11061 WILSHIRE BLVD , LOS ANGELES, CA 90024, United States, Default address'])\n +  and   1 = len(['J test, 11061 WILSHIRE BLVD , LOS ANGELES, CA 90024, United States, Default address'])","statusTrace":"self = <test_shipping_address.TestShippingAddress testMethod=test1_add_address>\n\n    @allure.story(\"Add shipping address\")\n    def test1_add_address(self) -> None:\n        sleep(2)\n        do.tap_my_address()\n        address_before_add = do.find_address_items()\n        do.tap_add_shipping()\n        do.add_address_flow(address_info)\n        sleep(10)\n        address_after_add = do.find_address_items()\n        try:\n>           assert (len(address_after_add) == len(address_before_add) + 1)\nE           AssertionError: assert 1 == (1 + 1)\nE            +  where 1 = len(['J test, 11061 WILSHIRE BLVD , LOS ANGELES, CA 90024, United States, Default address'])\nE            +  and   1 = len(['J test, 11061 WILSHIRE BLVD , LOS ANGELES, CA 90024, United States, Default address'])\n\ntestcase/wallet_addresses/test_shipping_address.py:33: AssertionError","flaky":false,"newFailed":false,"newBroken":false,"newPassed":false,"retriesCount":3,"retriesStatusChange":true,"beforeStages":[{"name":"base_url","time":{"start":1691401578674,"stop":1691401578675,"duration":1},"status":"passed","steps":[],"attachments":[],"parameters":[],"shouldDisplayMessage":false,"stepsCount":0,"attachmentsCount":0,"hasContent":false},{"name":"delete_output_dir","time":{"start":1691401578675,"stop":1691401578675,"duration":0},"status":"passed","steps":[],"attachments":[],"parameters":[],"shouldDisplayMessage":false,"stepsCount":0,"attachmentsCount":0,"hasContent":false},{"name":"pytestconfig","time":{"start":1691401578675,"stop":1691401578675,"duration":0},"status":"passed","steps":[],"attachments":[],"parameters":[],"shouldDisplayMessage":false,"stepsCount":0,"attachmentsCount":0,"hasContent":false},{"name":"_unittest_setUpClass_fixture_TestShippingAddress","time":{"start":1691401578675,"stop":1691401578676,"duration":1},"status":"passed","steps":[],"attachments":[],"parameters":[],"shouldDisplayMessage":false,"stepsCount":0,"attachmentsCount":0,"hasContent":false},{"name":"_verify_url","time":{"start":1691401578675,"stop":1691401578675,"duration":0},"status":"passed","steps":[],"attachments":[],"parameters":[],"shouldDisplayMessage":false,"stepsCount":0,"attachmentsCount":0,"hasContent":false}],"testStage":{"status":"failed","statusMessage":"AssertionError: assert 1 == (1 + 1)\n +  where 1 = len(['J test, 11061 WILSHIRE BLVD , LOS ANGELES, CA 90024, United States, Default address'])\n +  and   1 = len(['J test, 11061 WILSHIRE BLVD , LOS ANGELES, CA 90024, United States, Default address'])","statusTrace":"self = <test_shipping_address.TestShippingAddress testMethod=test1_add_address>\n\n    @allure.story(\"Add shipping address\")\n    def test1_add_address(self) -> None:\n        sleep(2)\n        do.tap_my_address()\n        address_before_add = do.find_address_items()\n        do.tap_add_shipping()\n        do.add_address_flow(address_info)\n        sleep(10)\n        address_after_add = do.find_address_items()\n        try:\n>           assert (len(address_after_add) == len(address_before_add) + 1)\nE           AssertionError: assert 1 == (1 + 1)\nE            +  where 1 = len(['J test, 11061 WILSHIRE BLVD , LOS ANGELES, CA 90024, United States, Default address'])\nE            +  and   1 = len(['J test, 11061 WILSHIRE BLVD , LOS ANGELES, CA 90024, United States, Default address'])\n\ntestcase/wallet_addresses/test_shipping_address.py:33: AssertionError","steps":[],"attachments":[{"uid":"141f45b925ab67aa","name":"stdout","source":"141f45b925ab67aa.txt","type":"text/plain","size":45}],"parameters":[],"shouldDisplayMessage":true,"stepsCount":0,"attachmentsCount":1,"hasContent":true},"afterStages":[{"name":"_unittest_setUpClass_fixture_TestShippingAddress::0","time":{"start":1691401903665,"stop":1691401903665,"duration":0},"status":"passed","steps":[],"attachments":[],"parameters":[],"shouldDisplayMessage":false,"stepsCount":0,"attachmentsCount":0,"hasContent":false}],"labels":[{"name":"story","value":"Add shipping address"},{"name":"feature","value":"Shipping address"},{"name":"severity","value":"critical"},{"name":"parentSuite","value":"testcase.wallet_addresses"},{"name":"suite","value":"test_shipping_address"},{"name":"subSuite","value":"TestShippingAddress"},{"name":"host","value":"Joys-MacBook-Pro.local"},{"name":"thread","value":"6750-MainThread"},{"name":"framework","value":"pytest"},{"name":"language","value":"cpython3"},{"name":"package","value":"testcase.wallet_addresses.test_shipping_address"},{"name":"resultFormat","value":"allure2"}],"parameters":[],"links":[],"hidden":false,"retry":false,"extra":{"severity":"critical","retries":[{"uid":"b540ee55da9e9807","status":"failed","statusDetails":"AssertionError: assert 1 == (1 + 1)\n +  where 1 = len(['J test, 11061 WILSHIRE BLVD , LOS ANGELES, CA 90024, United States, Default address'])\n +  and   1 = len(['J test, 11061 WILSHIRE BLVD , LOS ANGELES, CA 90024, United States, Default address'])","time":{"start":1691401664828,"stop":1691401732169,"duration":67341}},{"uid":"4ef0faf6acac28df","status":"failed","statusDetails":"AssertionError: assert 1 == (1 + 1)\n +  where 1 = len(['J test, 11061 WILSHIRE BLVD , LOS ANGELES, CA 90024, United States, Default address'])\n +  and   1 = len(['J test, 11061 WILSHIRE BLVD , LOS ANGELES, CA 90024, United States, Default address'])","time":{"start":1691401598510,"stop":1691401664808,"duration":66298}},{"uid":"95178e0cd3dcb789","status":"broken","statusDetails":"selenium.common.exceptions.TimeoutException: Message: \nStacktrace:\nNoSuchElementError: An element could not be located on the page using the given search parameters.\n    at XCUITestDriver.doNativeFind (/Users/57block/.appium/node_modules/appium-xcuitest-driver/lib/commands/find.js:143:13)\n    at processTicksAndRejections (node:internal/process/task_queues:95:5)\n    at XCUITestDriver.findNativeElementOrElements (/Users/57block/.appium/node_modules/appium-xcuitest-driver/lib/commands/find.js:97:12)\n    at XCUITestDriver.findElOrEls (/Users/57block/.appium/node_modules/appium-xcuitest-driver/lib/commands/find.js:24:14)\n    at XCUITestDriver.findElOrElsWithProcessing (/Users/57block/.appium/node_modules/@appium/base-driver/lib/basedriver/commands/find.ts:60:12)\n    at XCUITestDriver.findElement (/Users/57block/.appium/node_modules/@appium/base-driver/lib/basedriver/commands/find.ts:75:12)","time":{"start":1691401578676,"stop":1691401598432,"duration":19756}}],"categories":[{"name":"Product defects","matchedStatuses":[],"flaky":false}],"tags":[]},"source":"5790392905c7928f.json","parameterValues":[]}