{"uid":"5a297928fc65892f","name":"test1_loginUserExisted","fullName":"testcase.login_logout.test_login_logout.TestLoginLogout#test1_loginUserExisted","historyId":"d75c4dcda674153883fc6288ff86a74e","time":{"start":1691399859239,"stop":1691399876917,"duration":17678},"status":"passed","flaky":false,"newFailed":false,"newBroken":false,"newPassed":false,"retriesCount":2,"retriesStatusChange":true,"beforeStages":[{"name":"base_url","time":{"start":1691399816483,"stop":1691399816484,"duration":1},"status":"passed","steps":[],"attachments":[],"parameters":[],"shouldDisplayMessage":false,"stepsCount":0,"attachmentsCount":0,"hasContent":false},{"name":"_verify_url","time":{"start":1691399816484,"stop":1691399816484,"duration":0},"status":"passed","steps":[],"attachments":[],"parameters":[],"shouldDisplayMessage":false,"stepsCount":0,"attachmentsCount":0,"hasContent":false},{"name":"_unittest_setUpClass_fixture_TestLoginLogout","time":{"start":1691399816484,"stop":1691399816484,"duration":0},"status":"passed","steps":[],"attachments":[],"parameters":[],"shouldDisplayMessage":false,"stepsCount":0,"attachmentsCount":0,"hasContent":false},{"name":"delete_output_dir","time":{"start":1691399816484,"stop":1691399816484,"duration":0},"status":"passed","steps":[],"attachments":[],"parameters":[],"shouldDisplayMessage":false,"stepsCount":0,"attachmentsCount":0,"hasContent":false},{"name":"pytestconfig","time":{"start":1691399816484,"stop":1691399816484,"duration":0},"status":"passed","steps":[],"attachments":[],"parameters":[],"shouldDisplayMessage":false,"stepsCount":0,"attachmentsCount":0,"hasContent":false}],"testStage":{"status":"passed","steps":[],"attachments":[{"uid":"c23eb9db5c164a6f","name":"stdout","source":"c23eb9db5c164a6f.txt","type":"text/plain","size":30}],"parameters":[],"shouldDisplayMessage":false,"stepsCount":0,"attachmentsCount":1,"hasContent":true},"afterStages":[{"name":"_unittest_setUpClass_fixture_TestLoginLogout::0","time":{"start":1691399905251,"stop":1691399905252,"duration":1},"status":"passed","steps":[],"attachments":[],"parameters":[],"shouldDisplayMessage":false,"stepsCount":0,"attachmentsCount":0,"hasContent":false}],"labels":[{"name":"feature","value":"Login && Log out"},{"name":"story","value":"Login"},{"name":"severity","value":"critical"},{"name":"parentSuite","value":"testcase.login_logout"},{"name":"suite","value":"test_login_logout"},{"name":"subSuite","value":"TestLoginLogout"},{"name":"host","value":"Joys-MacBook-Pro.local"},{"name":"thread","value":"6750-MainThread"},{"name":"framework","value":"pytest"},{"name":"language","value":"cpython3"},{"name":"package","value":"testcase.login_logout.test_login_logout"},{"name":"resultFormat","value":"allure2"}],"parameters":[],"links":[],"hidden":false,"retry":false,"extra":{"severity":"critical","retries":[{"uid":"1d3ba4191310b1ea","status":"broken","statusDetails":"selenium.common.exceptions.TimeoutException: Message: \nStacktrace:\nNoSuchElementError: An element could not be located on the page using the given search parameters.\n    at XCUITestDriver.doNativeFind (/Users/57block/.appium/node_modules/appium-xcuitest-driver/lib/commands/find.js:143:13)\n    at processTicksAndRejections (node:internal/process/task_queues:95:5)\n    at XCUITestDriver.findNativeElementOrElements (/Users/57block/.appium/node_modules/appium-xcuitest-driver/lib/commands/find.js:97:12)\n    at XCUITestDriver.findElOrEls (/Users/57block/.appium/node_modules/appium-xcuitest-driver/lib/commands/find.js:24:14)\n    at XCUITestDriver.findElOrElsWithProcessing (/Users/57block/.appium/node_modules/@appium/base-driver/lib/basedriver/commands/find.ts:60:12)\n    at XCUITestDriver.findElement (/Users/57block/.appium/node_modules/@appium/base-driver/lib/basedriver/commands/find.ts:75:12)","time":{"start":1691399837892,"stop":1691399859179,"duration":21287}},{"uid":"5d72831ff5fe1f6c","status":"broken","statusDetails":"selenium.common.exceptions.TimeoutException: Message: \nStacktrace:\nNoSuchElementError: An element could not be located on the page using the given search parameters.\n    at XCUITestDriver.doNativeFind (/Users/57block/.appium/node_modules/appium-xcuitest-driver/lib/commands/find.js:143:13)\n    at processTicksAndRejections (node:internal/process/task_queues:95:5)\n    at XCUITestDriver.findNativeElementOrElements (/Users/57block/.appium/node_modules/appium-xcuitest-driver/lib/commands/find.js:97:12)\n    at XCUITestDriver.findElOrEls (/Users/57block/.appium/node_modules/appium-xcuitest-driver/lib/commands/find.js:24:14)\n    at XCUITestDriver.findElOrElsWithProcessing (/Users/57block/.appium/node_modules/@appium/base-driver/lib/basedriver/commands/find.ts:60:12)\n    at XCUITestDriver.findElement (/Users/57block/.appium/node_modules/@appium/base-driver/lib/basedriver/commands/find.ts:75:12)","time":{"start":1691399816484,"stop":1691399837720,"duration":21236}}],"categories":[],"tags":[]},"source":"5a297928fc65892f.json","parameterValues":[]}