{"uid":"f9ac05d0731500eb","name":"test2_follow_channels_actions","fullName":"testcase.home_page.test_you_might_also_like.TestYouMightAlsoLike#test2_follow_channels_actions","historyId":"74ba05b2442a48556e35be138d2d9c8b","time":{"start":1691400500706,"stop":1691400521793,"duration":21087},"status":"broken","statusMessage":"selenium.common.exceptions.TimeoutException: Message: \nStacktrace:\nNoSuchElementError: An element could not be located on the page using the given search parameters.\n    at XCUITestDriver.doNativeFind (/Users/57block/.appium/node_modules/appium-xcuitest-driver/lib/commands/find.js:143:13)\n    at processTicksAndRejections (node:internal/process/task_queues:95:5)\n    at XCUITestDriver.findNativeElementOrElements (/Users/57block/.appium/node_modules/appium-xcuitest-driver/lib/commands/find.js:97:12)\n    at XCUITestDriver.findElOrEls (/Users/57block/.appium/node_modules/appium-xcuitest-driver/lib/commands/find.js:24:14)\n    at XCUITestDriver.findElOrElsWithProcessing (/Users/57block/.appium/node_modules/@appium/base-driver/lib/basedriver/commands/find.ts:60:12)\n    at XCUITestDriver.findElement (/Users/57block/.appium/node_modules/@appium/base-driver/lib/basedriver/commands/find.ts:75:12)","statusTrace":"self = <test_you_might_also_like.TestYouMightAlsoLike testMethod=test2_follow_channels_actions>\n\n    def setUp(self) -> None:\n        self.driver = get_driver()\n        global do\n        do = Actions(self.driver)\n>       do.login_flow(test_account)\n\ntestcase/home_page/test_you_might_also_like.py:18: \n_ _ _ _ _ _ _ _ _ _ _ _ _ _ _ _ _ _ _ _ _ _ _ _ _ _ _ _ _ _ _ _ _ _ _ _ _ _ _ _ \nutils/mobile_user_actions.py:886: in login_flow\n    self.assert_element(home, 'success login')\nutils/mobile_user_actions.py:935: in assert_element\n    raise e\nutils/mobile_user_actions.py:932: in assert_element\n    assert get_element(self.driver, locator, wait_time)\nutils/find_element.py:12: in get_element\n    raise e\nutils/find_element.py:6: in get_element\n    element = WebDriverWait(driver, wait_time).until(\n_ _ _ _ _ _ _ _ _ _ _ _ _ _ _ _ _ _ _ _ _ _ _ _ _ _ _ _ _ _ _ _ _ _ _ _ _ _ _ _ \n\nself = <selenium.webdriver.support.wait.WebDriverWait (session=\"1c707e9a-b433-4651-a909-72ef0ac1f43c\")>\nmethod = <function get_element.<locals>.<lambda> at 0x10adcc3a0>, message = ''\n\n    def until(self, method, message: str = \"\"):\n        \"\"\"Calls the method provided with the driver as an argument until the \\\n        return value does not evaluate to ``False``.\n    \n        :param method: callable(WebDriver)\n        :param message: optional message for :exc:`TimeoutException`\n        :returns: the result of the last call to `method`\n        :raises: :exc:`selenium.common.exceptions.TimeoutException` if timeout occurs\n        \"\"\"\n        screen = None\n        stacktrace = None\n    \n        end_time = time.monotonic() + self._timeout\n        while True:\n            try:\n                value = method(self._driver)\n                if value:\n                    return value\n            except self._ignored_exceptions as exc:\n                screen = getattr(exc, \"screen\", None)\n                stacktrace = getattr(exc, \"stacktrace\", None)\n            time.sleep(self._poll)\n            if time.monotonic() > end_time:\n                break\n>       raise TimeoutException(message, screen, stacktrace)\nE       selenium.common.exceptions.TimeoutException: Message: \nE       Stacktrace:\nE       NoSuchElementError: An element could not be located on the page using the given search parameters.\nE           at XCUITestDriver.doNativeFind (/Users/57block/.appium/node_modules/appium-xcuitest-driver/lib/commands/find.js:143:13)\nE           at processTicksAndRejections (node:internal/process/task_queues:95:5)\nE           at XCUITestDriver.findNativeElementOrElements (/Users/57block/.appium/node_modules/appium-xcuitest-driver/lib/commands/find.js:97:12)\nE           at XCUITestDriver.findElOrEls (/Users/57block/.appium/node_modules/appium-xcuitest-driver/lib/commands/find.js:24:14)\nE           at XCUITestDriver.findElOrElsWithProcessing (/Users/57block/.appium/node_modules/@appium/base-driver/lib/basedriver/commands/find.ts:60:12)\nE           at XCUITestDriver.findElement (/Users/57block/.appium/node_modules/@appium/base-driver/lib/basedriver/commands/find.ts:75:12)\n\nvenv/lib/python3.9/site-packages/selenium/webdriver/support/wait.py:95: TimeoutException","flaky":false,"newFailed":false,"newBroken":false,"newPassed":false,"retriesCount":0,"retriesStatusChange":false,"beforeStages":[{"name":"_unittest_setUpClass_fixture_TestYouMightAlsoLike","time":{"start":1691400306759,"stop":1691400306760,"duration":1},"status":"passed","steps":[],"attachments":[],"parameters":[],"shouldDisplayMessage":false,"stepsCount":0,"attachmentsCount":0,"hasContent":false},{"name":"pytestconfig","time":{"start":1691400306759,"stop":1691400306759,"duration":0},"status":"passed","steps":[],"attachments":[],"parameters":[],"shouldDisplayMessage":false,"stepsCount":0,"attachmentsCount":0,"hasContent":false},{"name":"_verify_url","time":{"start":1691400306759,"stop":1691400306759,"duration":0},"status":"passed","steps":[],"attachments":[],"parameters":[],"shouldDisplayMessage":false,"stepsCount":0,"attachmentsCount":0,"hasContent":false},{"name":"delete_output_dir","time":{"start":1691400306759,"stop":1691400306759,"duration":0},"status":"passed","steps":[],"attachments":[],"parameters":[],"shouldDisplayMessage":false,"stepsCount":0,"attachmentsCount":0,"hasContent":false},{"name":"base_url","time":{"start":1691400306759,"stop":1691400306759,"duration":0},"status":"passed","steps":[],"attachments":[],"parameters":[],"shouldDisplayMessage":false,"stepsCount":0,"attachmentsCount":0,"hasContent":false}],"testStage":{"status":"broken","statusMessage":"selenium.common.exceptions.TimeoutException: Message: \nStacktrace:\nNoSuchElementError: An element could not be located on the page using the given search parameters.\n    at XCUITestDriver.doNativeFind (/Users/57block/.appium/node_modules/appium-xcuitest-driver/lib/commands/find.js:143:13)\n    at processTicksAndRejections (node:internal/process/task_queues:95:5)\n    at XCUITestDriver.findNativeElementOrElements (/Users/57block/.appium/node_modules/appium-xcuitest-driver/lib/commands/find.js:97:12)\n    at XCUITestDriver.findElOrEls (/Users/57block/.appium/node_modules/appium-xcuitest-driver/lib/commands/find.js:24:14)\n    at XCUITestDriver.findElOrElsWithProcessing (/Users/57block/.appium/node_modules/@appium/base-driver/lib/basedriver/commands/find.ts:60:12)\n    at XCUITestDriver.findElement (/Users/57block/.appium/node_modules/@appium/base-driver/lib/basedriver/commands/find.ts:75:12)","statusTrace":"self = <test_you_might_also_like.TestYouMightAlsoLike testMethod=test2_follow_channels_actions>\n\n    def setUp(self) -> None:\n        self.driver = get_driver()\n        global do\n        do = Actions(self.driver)\n>       do.login_flow(test_account)\n\ntestcase/home_page/test_you_might_also_like.py:18: \n_ _ _ _ _ _ _ _ _ _ _ _ _ _ _ _ _ _ _ _ _ _ _ _ _ _ _ _ _ _ _ _ _ _ _ _ _ _ _ _ \nutils/mobile_user_actions.py:886: in login_flow\n    self.assert_element(home, 'success login')\nutils/mobile_user_actions.py:935: in assert_element\n    raise e\nutils/mobile_user_actions.py:932: in assert_element\n    assert get_element(self.driver, locator, wait_time)\nutils/find_element.py:12: in get_element\n    raise e\nutils/find_element.py:6: in get_element\n    element = WebDriverWait(driver, wait_time).until(\n_ _ _ _ _ _ _ _ _ _ _ _ _ _ _ _ _ _ _ _ _ _ _ _ _ _ _ _ _ _ _ _ _ _ _ _ _ _ _ _ \n\nself = <selenium.webdriver.support.wait.WebDriverWait (session=\"1c707e9a-b433-4651-a909-72ef0ac1f43c\")>\nmethod = <function get_element.<locals>.<lambda> at 0x10adcc3a0>, message = ''\n\n    def until(self, method, message: str = \"\"):\n        \"\"\"Calls the method provided with the driver as an argument until the \\\n        return value does not evaluate to ``False``.\n    \n        :param method: callable(WebDriver)\n        :param message: optional message for :exc:`TimeoutException`\n        :returns: the result of the last call to `method`\n        :raises: :exc:`selenium.common.exceptions.TimeoutException` if timeout occurs\n        \"\"\"\n        screen = None\n        stacktrace = None\n    \n        end_time = time.monotonic() + self._timeout\n        while True:\n            try:\n                value = method(self._driver)\n                if value:\n                    return value\n            except self._ignored_exceptions as exc:\n                screen = getattr(exc, \"screen\", None)\n                stacktrace = getattr(exc, \"stacktrace\", None)\n            time.sleep(self._poll)\n            if time.monotonic() > end_time:\n                break\n>       raise TimeoutException(message, screen, stacktrace)\nE       selenium.common.exceptions.TimeoutException: Message: \nE       Stacktrace:\nE       NoSuchElementError: An element could not be located on the page using the given search parameters.\nE           at XCUITestDriver.doNativeFind (/Users/57block/.appium/node_modules/appium-xcuitest-driver/lib/commands/find.js:143:13)\nE           at processTicksAndRejections (node:internal/process/task_queues:95:5)\nE           at XCUITestDriver.findNativeElementOrElements (/Users/57block/.appium/node_modules/appium-xcuitest-driver/lib/commands/find.js:97:12)\nE           at XCUITestDriver.findElOrEls (/Users/57block/.appium/node_modules/appium-xcuitest-driver/lib/commands/find.js:24:14)\nE           at XCUITestDriver.findElOrElsWithProcessing (/Users/57block/.appium/node_modules/@appium/base-driver/lib/basedriver/commands/find.ts:60:12)\nE           at XCUITestDriver.findElement (/Users/57block/.appium/node_modules/@appium/base-driver/lib/basedriver/commands/find.ts:75:12)\n\nvenv/lib/python3.9/site-packages/selenium/webdriver/support/wait.py:95: TimeoutException","steps":[],"attachments":[{"uid":"61675abdf7e6321b","name":"stdout","source":"61675abdf7e6321b.txt","type":"text/plain","size":41}],"parameters":[],"shouldDisplayMessage":true,"stepsCount":0,"attachmentsCount":1,"hasContent":true},"afterStages":[{"name":"_unittest_setUpClass_fixture_TestYouMightAlsoLike::0","time":{"start":1691400638750,"stop":1691400638751,"duration":1},"status":"passed","steps":[],"attachments":[],"parameters":[],"shouldDisplayMessage":false,"stepsCount":0,"attachmentsCount":0,"hasContent":false}],"labels":[{"name":"story","value":"follow all channels , unfollow all channels"},{"name":"severity","value":"critical"},{"name":"feature","value":"You might also like"},{"name":"parentSuite","value":"testcase.home_page"},{"name":"suite","value":"test_you_might_also_like"},{"name":"subSuite","value":"TestYouMightAlsoLike"},{"name":"host","value":"Joys-MacBook-Pro.local"},{"name":"thread","value":"6750-MainThread"},{"name":"framework","value":"pytest"},{"name":"language","value":"cpython3"},{"name":"package","value":"testcase.home_page.test_you_might_also_like"},{"name":"resultFormat","value":"allure2"}],"parameters":[],"links":[],"hidden":true,"retry":true,"extra":{"categories":[],"tags":[]},"source":"f9ac05d0731500eb.json","parameterValues":[]}