{"name": "test2_delete_address", "status": "broken", "statusDetails": {"message": "selenium.common.exceptions.TimeoutException: Message: \nStacktrace:\nNoSuchElementError: An element could not be located on the page using the given search parameters.\n    at XCUITestDriver.doNativeFind (/Users/57block/.appium/node_modules/appium-xcuitest-driver/lib/commands/find.js:143:13)\n    at processTicksAndRejections (node:internal/process/task_queues:95:5)\n    at XCUITestDriver.findNativeElementOrElements (/Users/57block/.appium/node_modules/appium-xcuitest-driver/lib/commands/find.js:97:12)\n    at XCUITestDriver.findElOrEls (/Users/57block/.appium/node_modules/appium-xcuitest-driver/lib/commands/find.js:24:14)\n    at XCUITestDriver.findElOrElsWithProcessing (/Users/57block/.appium/node_modules/@appium/base-driver/lib/basedriver/commands/find.ts:60:12)\n    at XCUITestDriver.findElement (/Users/57block/.appium/node_modules/@appium/base-driver/lib/basedriver/commands/find.ts:75:12)", "trace": "self = <test_shipping_address.TestShippingAddress testMethod=test2_delete_address>\n\n    @allure.story(\"Delete shipping address\")\n    def test2_delete_address(self) -> None:\n        sleep(2)\n        do.tap_my_address()\n        address_before_delete = do.find_address_items()\n>       do.delete_address()\n\ntestcase/wallet_addresses/test_shipping_address.py:43: \n_ _ _ _ _ _ _ _ _ _ _ _ _ _ _ _ _ _ _ _ _ _ _ _ _ _ _ _ _ _ _ _ _ _ _ _ _ _ _ _ \nutils/mobile_user_actions.py:840: in delete_address\n    get_element_by_xpath(self.driver, delete_address).click()\nutils/find_element.py:34: in get_element_by_xpath\n    raise e\nutils/find_element.py:28: in get_element_by_xpath\n    element = WebDriverWait(driver, wait_time).until(\n_ _ _ _ _ _ _ _ _ _ _ _ _ _ _ _ _ _ _ _ _ _ _ _ _ _ _ _ _ _ _ _ _ _ _ _ _ _ _ _ \n\nself = <selenium.webdriver.support.wait.WebDriverWait (session=\"8dc45c02-0a9a-4747-8b04-c313d3852975\")>\nmethod = <function get_element_by_xpath.<locals>.<lambda> at 0x10b212700>\nmessage = ''\n\n    def until(self, method, message: str = \"\"):\n        \"\"\"Calls the method provided with the driver as an argument until the \\\n        return value does not evaluate to ``False``.\n    \n        :param method: callable(WebDriver)\n        :param message: optional message for :exc:`TimeoutException`\n        :returns: the result of the last call to `method`\n        :raises: :exc:`selenium.common.exceptions.TimeoutException` if timeout occurs\n        \"\"\"\n        screen = None\n        stacktrace = None\n    \n        end_time = time.monotonic() + self._timeout\n        while True:\n            try:\n                value = method(self._driver)\n                if value:\n                    return value\n            except self._ignored_exceptions as exc:\n                screen = getattr(exc, \"screen\", None)\n                stacktrace = getattr(exc, \"stacktrace\", None)\n            time.sleep(self._poll)\n            if time.monotonic() > end_time:\n                break\n>       raise TimeoutException(message, screen, stacktrace)\nE       selenium.common.exceptions.TimeoutException: Message: \nE       Stacktrace:\nE       NoSuchElementError: An element could not be located on the page using the given search parameters.\nE           at XCUITestDriver.doNativeFind (/Users/57block/.appium/node_modules/appium-xcuitest-driver/lib/commands/find.js:143:13)\nE           at processTicksAndRejections (node:internal/process/task_queues:95:5)\nE           at XCUITestDriver.findNativeElementOrElements (/Users/57block/.appium/node_modules/appium-xcuitest-driver/lib/commands/find.js:97:12)\nE           at XCUITestDriver.findElOrEls (/Users/57block/.appium/node_modules/appium-xcuitest-driver/lib/commands/find.js:24:14)\nE           at XCUITestDriver.findElOrElsWithProcessing (/Users/57block/.appium/node_modules/@appium/base-driver/lib/basedriver/commands/find.ts:60:12)\nE           at XCUITestDriver.findElement (/Users/57block/.appium/node_modules/@appium/base-driver/lib/basedriver/commands/find.ts:75:12)\n\nvenv/lib/python3.9/site-packages/selenium/webdriver/support/wait.py:95: TimeoutException"}, "attachments": [{"name": "stdout", "source": "18b569a9-772b-44d3-aba4-8633c15829a1-attachment.txt", "type": "text/plain"}], "start": 1691401850753, "stop": 1691401884595, "uuid": "ba93a791-9e45-41bf-b7b4-e2c63385c626", "historyId": "1684e85157a54cb8420b7fb518c37b90", "testCaseId": "1684e85157a54cb8420b7fb518c37b90", "fullName": "testcase.wallet_addresses.test_shipping_address.TestShippingAddress#test2_delete_address", "labels": [{"name": "story", "value": "Delete shipping address"}, {"name": "feature", "value": "Shipping address"}, {"name": "severity", "value": "critical"}, {"name": "parentSuite", "value": "testcase.wallet_addresses"}, {"name": "suite", "value": "test_shipping_address"}, {"name": "subSuite", "value": "TestShippingAddress"}, {"name": "host", "value": "Joys-MacBook-Pro.local"}, {"name": "thread", "value": "6750-MainThread"}, {"name": "framework", "value": "pytest"}, {"name": "language", "value": "cpython3"}, {"name": "package", "value": "testcase.wallet_addresses.test_shipping_address"}]}